<?xml version="1.0" encoding="UTF-8"?>
<!-- Generated by org.testng.reporters.JUnitReportReporter -->
<testsuite hostname="DESKTOP-L9LVG34" failures="0" tests="1" name="com.TechStalWarts.testCase.TC_EmployeeTest" time="20.151" errors="0" timestamp="2023-02-17T04:07:45 IST" skipped="0">
  <testcase classname="com.TechStalWarts.testCase.TC_EmployeeTest" name="sideBarLinks" time="20.151"/>
  <system-out/>
</testsuite> <!-- com.TechStalWarts.testCase.TC_EmployeeTest -->
