<?xml version="1.0" encoding="UTF-8"?>
<!-- Generated by org.testng.reporters.JUnitReportReporter -->
<testsuite hostname="01CEDHWLAP459" failures="0" tests="1" name="com.TechStalWarts.testCase.TC_LogInTest" time="2.702" errors="0" timestamp="2023-02-17T12:37:59 IST" skipped="0">
  <testcase classname="com.TechStalWarts.testCase.TC_LogInTest" name="LogInwithoutCred" time="2.702"/>
  <system-out/>
</testsuite> <!-- com.TechStalWarts.testCase.TC_LogInTest -->
